<?xml version="1.0" encoding="UTF-8"?>
<testng-results skipped="1" failed="0" total="2" passed="1">
  <reporter-output>
  </reporter-output>
  <suite name="Suite" duration-ms="8625" started-at="2017-03-15T06:19:23Z" finished-at="2017-03-15T06:19:32Z">
    <groups>
    </groups>
    <test name="firefox" duration-ms="517" started-at="2017-03-15T06:19:23Z" finished-at="2017-03-15T06:19:24Z">
      <class name="Testng.com.paralleltestng">
        <test-method status="FAIL" signature="beforeTest(java.lang.String)[pri:0, instance:Testng.com.paralleltestng@55f3ddb1]" name="beforeTest" is-config="true" duration-ms="0" started-at="2017-03-14T23:19:23Z" finished-at="2017-03-14T23:19:23Z">
          <params>
            <param index="0">
              <value>
                <![CDATA[firefox]]>
              </value>
            </param>
          </params>
          <exception class="java.lang.RuntimeException">
            <message>
              <![CDATA[Safari could not be found in the path!
Please add the directory containing ''Safari.exe'' to your PATH environment
variable, or explicitly specify a path to Safari like this:
*safari c:\blah\Safari.exe]]>
            </message>
            <full-stacktrace>
              <![CDATA[java.lang.RuntimeException: Safari could not be found in the path!
Please add the directory containing ''Safari.exe'' to your PATH environment
variable, or explicitly specify a path to Safari like this:
*safari c:\blah\Safari.exe
	at org.openqa.selenium.browserlaunchers.locators.SingleBrowserLocator.findBrowserLocationOrFail(SingleBrowserLocator.java:42)
	at org.openqa.selenium.safari.SafariDriverCommandExecutor.start(SafariDriverCommandExecutor.java:100)
	at org.openqa.selenium.safari.SafariDriver.startClient(SafariDriver.java:72)
	at org.openqa.selenium.remote.RemoteWebDriver.<init>(RemoteWebDriver.java:116)
	at org.openqa.selenium.remote.RemoteWebDriver.<init>(RemoteWebDriver.java:141)
	at org.openqa.selenium.safari.SafariDriver.<init>(SafariDriver.java:58)
	at org.openqa.selenium.safari.SafariDriver.<init>(SafariDriver.java:42)
	at Testng.com.paralleltestng.beforeTest(paralleltestng.java:26)
	at sun.reflect.NativeMethodAccessorImpl.invoke0(Native Method)
	at sun.reflect.NativeMethodAccessorImpl.invoke(NativeMethodAccessorImpl.java:62)
	at sun.reflect.DelegatingMethodAccessorImpl.invoke(DelegatingMethodAccessorImpl.java:43)
	at java.lang.reflect.Method.invoke(Method.java:498)
	at org.testng.internal.MethodInvocationHelper.invokeMethod(MethodInvocationHelper.java:80)
	at org.testng.internal.Invoker.invokeConfigurationMethod(Invoker.java:564)
	at org.testng.internal.Invoker.invokeConfigurations(Invoker.java:213)
	at org.testng.internal.Invoker.invokeConfigurations(Invoker.java:138)
	at org.testng.internal.TestMethodWorker.invokeBeforeClassMethods(TestMethodWorker.java:175)
	at org.testng.internal.TestMethodWorker.run(TestMethodWorker.java:107)
	at org.testng.TestRunner.privateRun(TestRunner.java:767)
	at org.testng.TestRunner.run(TestRunner.java:617)
	at org.testng.SuiteRunner.runTest(SuiteRunner.java:334)
	at org.testng.SuiteRunner.access$000(SuiteRunner.java:37)
	at org.testng.SuiteRunner$SuiteWorker.run(SuiteRunner.java:368)
	at org.testng.internal.thread.ThreadUtil$2.call(ThreadUtil.java:64)
	at java.util.concurrent.FutureTask.run(FutureTask.java:266)
	at java.util.concurrent.ThreadPoolExecutor.runWorker(ThreadPoolExecutor.java:1142)
	at java.util.concurrent.ThreadPoolExecutor$Worker.run(ThreadPoolExecutor.java:617)
	at java.lang.Thread.run(Thread.java:745)
]]>
            </full-stacktrace>
          </exception> <!-- java.lang.RuntimeException -->
          <reporter-output>
          </reporter-output>
        </test-method> <!-- beforeTest -->
        <test-method status="SKIP" signature="function1()[pri:0, instance:Testng.com.paralleltestng@55f3ddb1]" name="function1" duration-ms="1" started-at="2017-03-14T23:19:24Z" finished-at="2017-03-14T23:19:24Z">
          <reporter-output>
          </reporter-output>
        </test-method> <!-- function1 -->
        <test-method status="SKIP" signature="afterTest()[pri:0, instance:Testng.com.paralleltestng@55f3ddb1]" name="afterTest" is-config="true" duration-ms="0" started-at="2017-03-14T23:19:24Z" finished-at="2017-03-14T23:19:24Z">
          <reporter-output>
          </reporter-output>
        </test-method> <!-- afterTest -->
      </class> <!-- Testng.com.paralleltestng -->
    </test> <!-- firefox -->
    <test name="chrome" duration-ms="8624" started-at="2017-03-15T06:19:23Z" finished-at="2017-03-15T06:19:32Z">
      <class name="Testng.com.paralleltestng">
        <test-method status="PASS" signature="beforeTest(java.lang.String)[pri:0, instance:Testng.com.paralleltestng@7cd62f43]" name="beforeTest" is-config="true" duration-ms="6068" started-at="2017-03-14T23:19:23Z" finished-at="2017-03-14T23:19:29Z">
          <params>
            <param index="0">
              <value>
                <![CDATA[chrome]]>
              </value>
            </param>
          </params>
          <reporter-output>
          </reporter-output>
        </test-method> <!-- beforeTest -->
        <test-method status="PASS" signature="function1()[pri:0, instance:Testng.com.paralleltestng@7cd62f43]" name="function1" duration-ms="1225" started-at="2017-03-14T23:19:29Z" finished-at="2017-03-14T23:19:30Z">
          <reporter-output>
          </reporter-output>
        </test-method> <!-- function1 -->
        <test-method status="PASS" signature="afterTest()[pri:0, instance:Testng.com.paralleltestng@7cd62f43]" name="afterTest" is-config="true" duration-ms="1319" started-at="2017-03-14T23:19:30Z" finished-at="2017-03-14T23:19:32Z">
          <reporter-output>
          </reporter-output>
        </test-method> <!-- afterTest -->
      </class> <!-- Testng.com.paralleltestng -->
    </test> <!-- chrome -->
  </suite> <!-- Suite -->
</testng-results>
